My id is: 1. I have been assigned 1644736843 points.
My id is: 3. I have been assigned 1644736843 points.
My id is: 9. I have been assigned 1644736843 points.
My id is: 11. I have been assigned 1644736843 points.
My id is: 13. I have been assigned 1644736843 points.
My id is: 14. I have been assigned 1644736843 points.
My id is: 15. I have been assigned 1644736843 points.
My id is: 16. I have been assigned 1644736843 points.
My id is: 20. I have been assigned 1644736843 points.
My id is: 22. I have been assigned 1644736843 points.
My id is: 23. I have been assigned 1644736843 points.
My id is: 25. I have been assigned 1644736843 points.
My id is: 26. I have been assigned 1644736843 points.
My id is: 30. I have been assigned 1644736843 points.
My id is: 0. I have been assigned 1644736843 points.
My id is: 2. I have been assigned 1644736843 points.
My id is: 4. I have been assigned 1644736843 points.
My id is: 5. I have been assigned 1644736843 points.
My id is: 6. I have been assigned 1644736843 points.
My id is: 7. I have been assigned 1644736843 points.
My id is: 8. I have been assigned 1644736843 points.
My id is: 12. I have been assigned 1644736843 points.
My id is: 17. I have been assigned 1644736843 points.
My id is: 18. I have been assigned 1644736843 points.
My id is: 19. I have been assigned 1644736843 points.
My id is: 21. I have been assigned 1644736843 points.
My id is: 24. I have been assigned 1644736843 points.
My id is: 27. I have been assigned 1644736843 points.
My id is: 28. I have been assigned 1644736843 points.
My id is: 29. I have been assigned 1644736843 points.
My id is: 10. I have been assigned 1644736843 points.
My id is: 31. I have been assigned 1644736843 points.
My id is: 66. I have been assigned 1644736842 points.
My id is: 238. I have been assigned 1644736842 points.
My id is: 96. I have been assigned 1644736842 points.
My id is: 34. I have been assigned 1644736843 points.
My id is: 197. I have been assigned 1644736842 points.
My id is: 384. I have been assigned 1644736842 points.
My id is: 328. I have been assigned 1644736842 points.
My id is: 129. I have been assigned 1644736842 points.
My id is: 519. I have been assigned 1644736842 points.
My id is: 452. I have been assigned 1644736842 points.
My id is: 422. I have been assigned 1644736842 points.
My id is: 263. I have been assigned 1644736842 points.
My id is: 81. I have been assigned 1644736842 points.
My id is: 106. I have been assigned 1644736842 points.
My id is: 577. I have been assigned 1644736842 points.
My id is: 385. I have been assigned 1644736842 points.
My id is: 481. I have been assigned 1644736842 points.
My id is: 255. I have been assigned 1644736842 points.
My id is: 117. I have been assigned 1644736842 points.
My id is: 56. I have been assigned 1644736843 points.
My id is: 436. I have been assigned 1644736842 points.
My id is: 359. I have been assigned 1644736842 points.
My id is: 212. I have been assigned 1644736842 points.
My id is: 118. I have been assigned 1644736842 points.
My id is: 290. I have been assigned 1644736842 points.
My id is: 268. I have been assigned 1644736842 points.
My id is: 544. I have been assigned 1644736842 points.
My id is: 331. I have been assigned 1644736842 points.
My id is: 140. I have been assigned 1644736842 points.
My id is: 90. I have been assigned 1644736842 points.
My id is: 217. I have been assigned 1644736842 points.
My id is: 225. I have been assigned 1644736842 points.
My id is: 125. I have been assigned 1644736842 points.
My id is: 32. I have been assigned 1644736843 points.
My id is: 539. I have been assigned 1644736842 points.
My id is: 579. I have been assigned 1644736842 points.
My id is: 456. I have been assigned 1644736842 points.
My id is: 438. I have been assigned 1644736842 points.
My id is: 333. I have been assigned 1644736842 points.
My id is: 144. I have been assigned 1644736842 points.
My id is: 64. I have been assigned 1644736842 points.
My id is: 221. I have been assigned 1644736842 points.
My id is: 226. I have been assigned 1644736842 points.
My id is: 97. I have been assigned 1644736842 points.
My id is: 36. I have been assigned 1644736843 points.
My id is: 512. I have been assigned 1644736842 points.
My id is: 592. I have been assigned 1644736842 points.
My id is: 458. I have been assigned 1644736842 points.
My id is: 443. I have been assigned 1644736842 points.
My id is: 293. I have been assigned 1644736842 points.
My id is: 275. I have been assigned 1644736842 points.
My id is: 360. I have been assigned 1644736842 points.
My id is: 391. I have been assigned 1644736842 points.
My id is: 496. I have been assigned 1644736842 points.
My id is: 342. I have been assigned 1644736842 points.
My id is: 150. I have been assigned 1644736842 points.
My id is: 67. I have been assigned 1644736842 points.
My id is: 222. I have been assigned 1644736842 points.
My id is: 227. I have been assigned 1644736842 points.
My id is: 98. I have been assigned 1644736842 points.
My id is: 38. I have been assigned 1644736843 points.
My id is: 513. I have been assigned 1644736842 points.
My id is: 597. I have been assigned 1644736842 points.
My id is: 460. I have been assigned 1644736842 points.
My id is: 444. I have been assigned 1644736842 points.
My id is: 296. I have been assigned 1644736842 points.
My id is: 287. I have been assigned 1644736842 points.
My id is: 370. I have been assigned 1644736842 points.
My id is: 395. I have been assigned 1644736842 points.
My id is: 548. I have been assigned 1644736842 points.
My id is: 500. I have been assigned 1644736842 points.
My id is: 321. I have been assigned 1644736842 points.
My id is: 154. I have been assigned 1644736842 points.
My id is: 71. I have been assigned 1644736842 points.
My id is: 192. I have been assigned 1644736842 points.
My id is: 229. I have been assigned 1644736842 points.
My id is: 99. I have been assigned 1644736842 points.
My id is: 40. I have been assigned 1644736843 points.
My id is: 514. I have been assigned 1644736842 points.
My id is: 598. I have been assigned 1644736842 points.
My id is: 468. I have been assigned 1644736842 points.
My id is: 419. I have been assigned 1644736842 points.
My id is: 298. I have been assigned 1644736842 points.
My id is: 256. I have been assigned 1644736842 points.
My id is: 372. I have been assigned 1644736842 points.
My id is: 396. I have been assigned 1644736842 points.
My id is: 554. I have been assigned 1644736842 points.
My id is: 502. I have been assigned 1644736842 points.
My id is: 322. I have been assigned 1644736842 points.
My id is: 128. I have been assigned 1644736842 points.
My id is: 73. I have been assigned 1644736842 points.
My id is: 193. I have been assigned 1644736842 points.
My id is: 230. I have been assigned 1644736842 points.
My id is: 100. I have been assigned 1644736842 points.
My id is: 44. I have been assigned 1644736843 points.
My id is: 518. I have been assigned 1644736842 points.
My id is: 599. I have been assigned 1644736842 points.
My id is: 471. I have been assigned 1644736842 points.
My id is: 423. I have been assigned 1644736842 points.
My id is: 301. I have been assigned 1644736842 points.
My id is: 258. I have been assigned 1644736842 points.
My id is: 375. I have been assigned 1644736842 points.
My id is: 405. I have been assigned 1644736842 points.
My id is: 555. I have been assigned 1644736842 points.
My id is: 480. I have been assigned 1644736842 points.
My id is: 323. I have been assigned 1644736842 points.
My id is: 130. I have been assigned 1644736842 points.
My id is: 74. I have been assigned 1644736842 points.
My id is: 194. I have been assigned 1644736842 points.
My id is: 231. I have been assigned 1644736842 points.
My id is: 103. I have been assigned 1644736842 points.
My id is: 46. I have been assigned 1644736843 points.
My id is: 520. I have been assigned 1644736842 points.
My id is: 602. I have been assigned 1644736842 points.
My id is: 448. I have been assigned 1644736842 points.
My id is: 426. I have been assigned 1644736842 points.
My id is: 302. I have been assigned 1644736842 points.
My id is: 259. I have been assigned 1644736842 points.
My id is: 376. I have been assigned 1644736842 points.
My id is: 408. I have been assigned 1644736842 points.
My id is: 558. I have been assigned 1644736842 points.
My id is: 482. I have been assigned 1644736842 points.
My id is: 324. I have been assigned 1644736842 points.
My id is: 132. I have been assigned 1644736842 points.
My id is: 75. I have been assigned 1644736842 points.
My id is: 195. I have been assigned 1644736842 points.
My id is: 233. I have been assigned 1644736842 points.
My id is: 104. I have been assigned 1644736842 points.
My id is: 47. I have been assigned 1644736843 points.
My id is: 521. I have been assigned 1644736842 points.
My id is: 603. I have been assigned 1644736842 points.
My id is: 449. I have been assigned 1644736842 points.
My id is: 427. I have been assigned 1644736842 points.
My id is: 304. I have been assigned 1644736842 points.
My id is: 260. I have been assigned 1644736842 points.
My id is: 377. I have been assigned 1644736842 points.
My id is: 386. I have been assigned 1644736842 points.
My id is: 559. I have been assigned 1644736842 points.
My id is: 483. I have been assigned 1644736842 points.
My id is: 326. I have been assigned 1644736842 points.
My id is: 133. I have been assigned 1644736842 points.
My id is: 76. I have been assigned 1644736842 points.
My id is: 196. I have been assigned 1644736842 points.
My id is: 234. I have been assigned 1644736842 points.
My id is: 105. I have been assigned 1644736842 points.
My id is: 48. I have been assigned 1644736843 points.
My id is: 522. I have been assigned 1644736842 points.
My id is: 604. I have been assigned 1644736842 points.
My id is: 450. I have been assigned 1644736842 points.
My id is: 428. I have been assigned 1644736842 points.
My id is: 306. I have been assigned 1644736842 points.
My id is: 261. I have been assigned 1644736842 points.
My id is: 380. I have been assigned 1644736842 points.
My id is: 387. I have been assigned 1644736842 points.
My id is: 565. I have been assigned 1644736842 points.
My id is: 484. I have been assigned 1644736842 points.
My id is: 327. I have been assigned 1644736842 points.
My id is: 134. I have been assigned 1644736842 points.
My id is: 77. I have been assigned 1644736842 points.
My id is: 198. I have been assigned 1644736842 points.
My id is: 235. I have been assigned 1644736842 points.
My id is: 108. I have been assigned 1644736842 points.
My id is: 50. I have been assigned 1644736843 points.
My id is: 160. I have been assigned 1644736842 points.
My id is: 524. I have been assigned 1644736842 points.
My id is: 606. I have been assigned 1644736842 points.
My id is: 451. I have been assigned 1644736842 points.
My id is: 430. I have been assigned 1644736842 points.
My id is: 307. I have been assigned 1644736842 points.
My id is: 266. I have been assigned 1644736842 points.
My id is: 381. I have been assigned 1644736842 points.
My id is: 388. I have been assigned 1644736842 points.
My id is: 568. I have been assigned 1644736842 points.
My id is: 485. I have been assigned 1644736842 points.
My id is: 329. I have been assigned 1644736842 points.
My id is: 136. I have been assigned 1644736842 points.
My id is: 78. I have been assigned 1644736842 points.
My id is: 199. I have been assigned 1644736842 points.
My id is: 236. I have been assigned 1644736842 points.
My id is: 109. I have been assigned 1644736842 points.
My id is: 51. I have been assigned 1644736843 points.
My id is: 162. I have been assigned 1644736842 points.
My id is: 525. I have been assigned 1644736842 points.
My id is: 576. I have been assigned 1644736842 points.
My id is: 453. I have been assigned 1644736842 points.
My id is: 431. I have been assigned 1644736842 points.
My id is: 309. I have been assigned 1644736842 points.
My id is: 267. I have been assigned 1644736842 points.
My id is: 352. I have been assigned 1644736842 points.
My id is: 389. I have been assigned 1644736842 points.
My id is: 569. I have been assigned 1644736842 points.
My id is: 486. I have been assigned 1644736842 points.
My id is: 330. I have been assigned 1644736842 points.
My id is: 137. I have been assigned 1644736842 points.
My id is: 79. I have been assigned 1644736842 points.
My id is: 201. I have been assigned 1644736842 points.
My id is: 240. I have been assigned 1644736842 points.
My id is: 110. I have been assigned 1644736842 points.
My id is: 52. I have been assigned 1644736843 points.
My id is: 164. I have been assigned 1644736842 points.
My id is: 526. I have been assigned 1644736842 points.
My id is: 578. I have been assigned 1644736842 points.
My id is: 454. I have been assigned 1644736842 points.
My id is: 437. I have been assigned 1644736842 points.
My id is: 310. I have been assigned 1644736842 points.
My id is: 269. I have been assigned 1644736842 points.
My id is: 353. I have been assigned 1644736842 points.
My id is: 390. I have been assigned 1644736842 points.
My id is: 570. I have been assigned 1644736842 points.
My id is: 487. I have been assigned 1644736842 points.
My id is: 332. I have been assigned 1644736842 points.
My id is: 138. I have been assigned 1644736842 points.
My id is: 80. I have been assigned 1644736842 points.
My id is: 202. I have been assigned 1644736842 points.
My id is: 242. I have been assigned 1644736842 points.
My id is: 112. I have been assigned 1644736842 points.
My id is: 53. I have been assigned 1644736843 points.
My id is: 165. I have been assigned 1644736842 points.
My id is: 527. I have been assigned 1644736842 points.
My id is: 580. I have been assigned 1644736842 points.
My id is: 455. I have been assigned 1644736842 points.
My id is: 440. I have been assigned 1644736842 points.
My id is: 312. I have been assigned 1644736842 points.
My id is: 270. I have been assigned 1644736842 points.
My id is: 354. I have been assigned 1644736842 points.
My id is: 392. I have been assigned 1644736842 points.
My id is: 545. I have been assigned 1644736842 points.
My id is: 488. I have been assigned 1644736842 points.
My id is: 334. I have been assigned 1644736842 points.
My id is: 139. I have been assigned 1644736842 points.
My id is: 82. I have been assigned 1644736842 points.
My id is: 203. I have been assigned 1644736842 points.
My id is: 244. I have been assigned 1644736842 points.
My id is: 113. I have been assigned 1644736842 points.
My id is: 54. I have been assigned 1644736843 points.
My id is: 166. I have been assigned 1644736842 points.
My id is: 528. I have been assigned 1644736842 points.
My id is: 581. I have been assigned 1644736842 points.
My id is: 457. I have been assigned 1644736842 points.
My id is: 441. I have been assigned 1644736842 points.
My id is: 314. I have been assigned 1644736842 points.
My id is: 273. I have been assigned 1644736842 points.
My id is: 355. I have been assigned 1644736842 points.
My id is: 393. I have been assigned 1644736842 points.
My id is: 546. I have been assigned 1644736842 points.
My id is: 489. I have been assigned 1644736842 points.
My id is: 336. I have been assigned 1644736842 points.
My id is: 141. I have been assigned 1644736842 points.
My id is: 83. I have been assigned 1644736842 points.
My id is: 204. I have been assigned 1644736842 points.
My id is: 247. I have been assigned 1644736842 points.
My id is: 114. I have been assigned 1644736842 points.
My id is: 55. I have been assigned 1644736843 points.
My id is: 167. I have been assigned 1644736842 points.
My id is: 529. I have been assigned 1644736842 points.
My id is: 582. I have been assigned 1644736842 points.
My id is: 459. I have been assigned 1644736842 points.
My id is: 442. I have been assigned 1644736842 points.
My id is: 317. I have been assigned 1644736842 points.
My id is: 274. I have been assigned 1644736842 points.
My id is: 356. I have been assigned 1644736842 points.
My id is: 394. I have been assigned 1644736842 points.
My id is: 547. I have been assigned 1644736842 points.
My id is: 490. I have been assigned 1644736842 points.
My id is: 337. I have been assigned 1644736842 points.
My id is: 142. I have been assigned 1644736842 points.
My id is: 84. I have been assigned 1644736842 points.
My id is: 206. I have been assigned 1644736842 points.
My id is: 249. I have been assigned 1644736842 points.
My id is: 115. I have been assigned 1644736842 points.
My id is: 57. I have been assigned 1644736843 points.
My id is: 171. I have been assigned 1644736842 points.
My id is: 530. I have been assigned 1644736842 points.
My id is: 583. I have been assigned 1644736842 points.
My id is: 461. I have been assigned 1644736842 points.
My id is: 445. I have been assigned 1644736842 points.
My id is: 318. I have been assigned 1644736842 points.
My id is: 276. I have been assigned 1644736842 points.
My id is: 357. I have been assigned 1644736842 points.
My id is: 398. I have been assigned 1644736842 points.
My id is: 549. I have been assigned 1644736842 points.
My id is: 491. I have been assigned 1644736842 points.
My id is: 338. I have been assigned 1644736842 points.
My id is: 143. I have been assigned 1644736842 points.
My id is: 85. I have been assigned 1644736842 points.
My id is: 207. I have been assigned 1644736842 points.
My id is: 252. I have been assigned 1644736842 points.
My id is: 116. I have been assigned 1644736842 points.
My id is: 58. I have been assigned 1644736843 points.
My id is: 172. I have been assigned 1644736842 points.
My id is: 531. I have been assigned 1644736842 points.
My id is: 584. I have been assigned 1644736842 points.
My id is: 462. I have been assigned 1644736842 points.
My id is: 446. I have been assigned 1644736842 points.
My id is: 319. I have been assigned 1644736842 points.
My id is: 277. I have been assigned 1644736842 points.
My id is: 358. I have been assigned 1644736842 points.
My id is: 399. I have been assigned 1644736842 points.
My id is: 550. I have been assigned 1644736842 points.
My id is: 492. I have been assigned 1644736842 points.
My id is: 339. I have been assigned 1644736842 points.
My id is: 145. I have been assigned 1644736842 points.
My id is: 68. I have been assigned 1644736842 points.
My id is: 208. I have been assigned 1644736842 points.
My id is: 253. I have been assigned 1644736842 points.
My id is: 119. I have been assigned 1644736842 points.
My id is: 59. I have been assigned 1644736843 points.
My id is: 173. I have been assigned 1644736842 points.
My id is: 532. I have been assigned 1644736842 points.
My id is: 585. I have been assigned 1644736842 points.
My id is: 463. I have been assigned 1644736842 points.
My id is: 416. I have been assigned 1644736842 points.
My id is: 288. I have been assigned 1644736842 points.
My id is: 278. I have been assigned 1644736842 points.
My id is: 361. I have been assigned 1644736842 points.
My id is: 400. I have been assigned 1644736842 points.
My id is: 551. I have been assigned 1644736842 points.
My id is: 493. I have been assigned 1644736842 points.
My id is: 340. I have been assigned 1644736842 points.
My id is: 146. I have been assigned 1644736842 points.
My id is: 69. I have been assigned 1644736842 points.
My id is: 209. I have been assigned 1644736842 points.
My id is: 254. I have been assigned 1644736842 points.
My id is: 120. I have been assigned 1644736842 points.
My id is: 60. I have been assigned 1644736843 points.
My id is: 174. I have been assigned 1644736842 points.
My id is: 533. I have been assigned 1644736842 points.
My id is: 586. I have been assigned 1644736842 points.
My id is: 464. I have been assigned 1644736842 points.
My id is: 417. I have been assigned 1644736842 points.
My id is: 289. I have been assigned 1644736842 points.
My id is: 282. I have been assigned 1644736842 points.
My id is: 362. I have been assigned 1644736842 points.
My id is: 401. I have been assigned 1644736842 points.
My id is: 552. I have been assigned 1644736842 points.
My id is: 494. I have been assigned 1644736842 points.
My id is: 343. I have been assigned 1644736842 points.
My id is: 147. I have been assigned 1644736842 points.
My id is: 70. I have been assigned 1644736842 points.
My id is: 210. I have been assigned 1644736842 points.
My id is: 224. I have been assigned 1644736842 points.
My id is: 121. I have been assigned 1644736842 points.
My id is: 63. I have been assigned 1644736843 points.
My id is: 176. I have been assigned 1644736842 points.
My id is: 535. I have been assigned 1644736842 points.
My id is: 587. I have been assigned 1644736842 points.
My id is: 465. I have been assigned 1644736842 points.
My id is: 418. I have been assigned 1644736842 points.
My id is: 291. I have been assigned 1644736842 points.
My id is: 283. I have been assigned 1644736842 points.
My id is: 363. I have been assigned 1644736842 points.
My id is: 402. I have been assigned 1644736842 points.
My id is: 553. I have been assigned 1644736842 points.
My id is: 497. I have been assigned 1644736842 points.
My id is: 344. I have been assigned 1644736842 points.
My id is: 148. I have been assigned 1644736842 points.
My id is: 72. I have been assigned 1644736842 points.
My id is: 211. I have been assigned 1644736842 points.
My id is: 228. I have been assigned 1644736842 points.
My id is: 124. I have been assigned 1644736842 points.
My id is: 33. I have been assigned 1644736843 points.
My id is: 177. I have been assigned 1644736842 points.
My id is: 537. I have been assigned 1644736842 points.
My id is: 588. I have been assigned 1644736842 points.
My id is: 466. I have been assigned 1644736842 points.
My id is: 420. I have been assigned 1644736842 points.
My id is: 292. I have been assigned 1644736842 points.
My id is: 284. I have been assigned 1644736842 points.
My id is: 364. I have been assigned 1644736842 points.
My id is: 403. I have been assigned 1644736842 points.
My id is: 556. I have been assigned 1644736842 points.
My id is: 498. I have been assigned 1644736842 points.
My id is: 345. I have been assigned 1644736842 points.
My id is: 149. I have been assigned 1644736842 points.
My id is: 86. I have been assigned 1644736842 points.
My id is: 213. I have been assigned 1644736842 points.
My id is: 232. I have been assigned 1644736842 points.
My id is: 126. I have been assigned 1644736842 points.
My id is: 35. I have been assigned 1644736843 points.
My id is: 178. I have been assigned 1644736842 points.
My id is: 540. I have been assigned 1644736842 points.
My id is: 589. I have been assigned 1644736842 points.
My id is: 467. I have been assigned 1644736842 points.
My id is: 421. I have been assigned 1644736842 points.
My id is: 294. I have been assigned 1644736842 points.
My id is: 285. I have been assigned 1644736842 points.
My id is: 365. I have been assigned 1644736842 points.
My id is: 404. I have been assigned 1644736842 points.
My id is: 557. I have been assigned 1644736842 points.
My id is: 499. I have been assigned 1644736842 points.
My id is: 346. I have been assigned 1644736842 points.
My id is: 151. I have been assigned 1644736842 points.
My id is: 87. I have been assigned 1644736842 points.
My id is: 214. I have been assigned 1644736842 points.
My id is: 237. I have been assigned 1644736842 points.
My id is: 127. I have been assigned 1644736842 points.
My id is: 37. I have been assigned 1644736843 points.
My id is: 179. I have been assigned 1644736842 points.
My id is: 541. I have been assigned 1644736842 points.
My id is: 590. I have been assigned 1644736842 points.
My id is: 469. I have been assigned 1644736842 points.
My id is: 424. I have been assigned 1644736842 points.
My id is: 295. I have been assigned 1644736842 points.
My id is: 286. I have been assigned 1644736842 points.
My id is: 366. I have been assigned 1644736842 points.
My id is: 406. I have been assigned 1644736842 points.
My id is: 560. I have been assigned 1644736842 points.
My id is: 501. I have been assigned 1644736842 points.
My id is: 347. I have been assigned 1644736842 points.
My id is: 152. I have been assigned 1644736842 points.
My id is: 88. I have been assigned 1644736842 points.
My id is: 215. I have been assigned 1644736842 points.
My id is: 239. I have been assigned 1644736842 points.
My id is: 101. I have been assigned 1644736842 points.
My id is: 39. I have been assigned 1644736843 points.
My id is: 181. I have been assigned 1644736842 points.
My id is: 542. I have been assigned 1644736842 points.
My id is: 591. I have been assigned 1644736842 points.
My id is: 470. I have been assigned 1644736842 points.
My id is: 425. I have been assigned 1644736842 points.
My id is: 297. I have been assigned 1644736842 points.
My id is: 257. I have been assigned 1644736842 points.
My id is: 367. I have been assigned 1644736842 points.
My id is: 407. I have been assigned 1644736842 points.
My id is: 561. I have been assigned 1644736842 points.
My id is: 503. I have been assigned 1644736842 points.
My id is: 348. I have been assigned 1644736842 points.
My id is: 153. I have been assigned 1644736842 points.
My id is: 89. I have been assigned 1644736842 points.
My id is: 216. I have been assigned 1644736842 points.
My id is: 241. I have been assigned 1644736842 points.
My id is: 102. I have been assigned 1644736842 points.
My id is: 41. I have been assigned 1644736843 points.
My id is: 183. I have been assigned 1644736842 points.
My id is: 543. I have been assigned 1644736842 points.
My id is: 593. I have been assigned 1644736842 points.
My id is: 474. I have been assigned 1644736842 points.
My id is: 429. I have been assigned 1644736842 points.
My id is: 299. I have been assigned 1644736842 points.
My id is: 262. I have been assigned 1644736842 points.
My id is: 368. I have been assigned 1644736842 points.
My id is: 409. I have been assigned 1644736842 points.
My id is: 562. I have been assigned 1644736842 points.
My id is: 504. I have been assigned 1644736842 points.
My id is: 349. I have been assigned 1644736842 points.
My id is: 155. I have been assigned 1644736842 points.
My id is: 91. I have been assigned 1644736842 points.
My id is: 218. I have been assigned 1644736842 points.
My id is: 243. I have been assigned 1644736842 points.
My id is: 107. I have been assigned 1644736842 points.
My id is: 42. I have been assigned 1644736843 points.
My id is: 185. I have been assigned 1644736842 points.
My id is: 515. I have been assigned 1644736842 points.
My id is: 594. I have been assigned 1644736842 points.
My id is: 475. I have been assigned 1644736842 points.
My id is: 433. I have been assigned 1644736842 points.
My id is: 300. I have been assigned 1644736842 points.
My id is: 264. I have been assigned 1644736842 points.
My id is: 369. I have been assigned 1644736842 points.
My id is: 410. I have been assigned 1644736842 points.
My id is: 564. I have been assigned 1644736842 points.
My id is: 505. I have been assigned 1644736842 points.
My id is: 350. I have been assigned 1644736842 points.
My id is: 156. I have been assigned 1644736842 points.
My id is: 92. I have been assigned 1644736842 points.
My id is: 219. I have been assigned 1644736842 points.
My id is: 245. I have been assigned 1644736842 points.
My id is: 111. I have been assigned 1644736842 points.
My id is: 43. I have been assigned 1644736843 points.
My id is: 187. I have been assigned 1644736842 points.
My id is: 517. I have been assigned 1644736842 points.
My id is: 595. I have been assigned 1644736842 points.
My id is: 476. I have been assigned 1644736842 points.
My id is: 435. I have been assigned 1644736842 points.
My id is: 303. I have been assigned 1644736842 points.
My id is: 265. I have been assigned 1644736842 points.
My id is: 371. I have been assigned 1644736842 points.
My id is: 411. I have been assigned 1644736842 points.
My id is: 566. I have been assigned 1644736842 points.
My id is: 506. I have been assigned 1644736842 points.
My id is: 351. I have been assigned 1644736842 points.
My id is: 157. I have been assigned 1644736842 points.
My id is: 93. I have been assigned 1644736842 points.
My id is: 220. I have been assigned 1644736842 points.
My id is: 246. I have been assigned 1644736842 points.
My id is: 122. I have been assigned 1644736842 points.
My id is: 45. I have been assigned 1644736843 points.
My id is: 189. I have been assigned 1644736842 points.
My id is: 523. I have been assigned 1644736842 points.
My id is: 596. I have been assigned 1644736842 points.
My id is: 477. I have been assigned 1644736842 points.
My id is: 447. I have been assigned 1644736842 points.
My id is: 305. I have been assigned 1644736842 points.
My id is: 271. I have been assigned 1644736842 points.
My id is: 373. I have been assigned 1644736842 points.
My id is: 412. I have been assigned 1644736842 points.
My id is: 567. I have been assigned 1644736842 points.
My id is: 509. I have been assigned 1644736842 points.
My id is: 320. I have been assigned 1644736842 points.
My id is: 158. I have been assigned 1644736842 points.
My id is: 94. I have been assigned 1644736842 points.
My id is: 223. I have been assigned 1644736842 points.
My id is: 248. I have been assigned 1644736842 points.
My id is: 123. I have been assigned 1644736842 points.
My id is: 61. I have been assigned 1644736843 points.
My id is: 190. I have been assigned 1644736842 points.
My id is: 534. I have been assigned 1644736842 points.
My id is: 600. I have been assigned 1644736842 points.
My id is: 478. I have been assigned 1644736842 points.
My id is: 434. I have been assigned 1644736842 points.
My id is: 308. I have been assigned 1644736842 points.
My id is: 272. I have been assigned 1644736842 points.
My id is: 374. I have been assigned 1644736842 points.
My id is: 413. I have been assigned 1644736842 points.
My id is: 571. I have been assigned 1644736842 points.
My id is: 510. I have been assigned 1644736842 points.
My id is: 325. I have been assigned 1644736842 points.
My id is: 131. I have been assigned 1644736842 points.
My id is: 95. I have been assigned 1644736842 points.
My id is: 200. I have been assigned 1644736842 points.
My id is: 250. I have been assigned 1644736842 points.
My id is: 62. I have been assigned 1644736843 points.
My id is: 191. I have been assigned 1644736842 points.
My id is: 536. I have been assigned 1644736842 points.
My id is: 601. I have been assigned 1644736842 points.
My id is: 479. I have been assigned 1644736842 points.
My id is: 439. I have been assigned 1644736842 points.
My id is: 311. I have been assigned 1644736842 points.
My id is: 279. I have been assigned 1644736842 points.
My id is: 378. I have been assigned 1644736842 points.
My id is: 414. I have been assigned 1644736842 points.
My id is: 572. I have been assigned 1644736842 points.
My id is: 495. I have been assigned 1644736842 points.
My id is: 335. I have been assigned 1644736842 points.
My id is: 135. I have been assigned 1644736842 points.
My id is: 65. I have been assigned 1644736842 points.
My id is: 205. I have been assigned 1644736842 points.
My id is: 251. I have been assigned 1644736842 points.
My id is: 161. I have been assigned 1644736842 points.
My id is: 538. I have been assigned 1644736842 points.
My id is: 605. I have been assigned 1644736842 points.
My id is: 473. I have been assigned 1644736842 points.
My id is: 432. I have been assigned 1644736842 points.
My id is: 313. I have been assigned 1644736842 points.
My id is: 280. I have been assigned 1644736842 points.
My id is: 379. I have been assigned 1644736842 points.
My id is: 415. I have been assigned 1644736842 points.
My id is: 573. I have been assigned 1644736842 points.
My id is: 507. I have been assigned 1644736842 points.
My id is: 341. I have been assigned 1644736842 points.
My id is: 159. I have been assigned 1644736842 points.
My id is: 163. I have been assigned 1644736842 points.
My id is: 516. I have been assigned 1644736842 points.
My id is: 607. I have been assigned 1644736842 points.
My id is: 472. I have been assigned 1644736842 points.
My id is: 315. I have been assigned 1644736842 points.
My id is: 281. I have been assigned 1644736842 points.
My id is: 382. I have been assigned 1644736842 points.
My id is: 397. I have been assigned 1644736842 points.
My id is: 574. I have been assigned 1644736842 points.
My id is: 508. I have been assigned 1644736842 points.
My id is: 168. I have been assigned 1644736842 points.
My id is: 316. I have been assigned 1644736842 points.
My id is: 383. I have been assigned 1644736842 points.
My id is: 575. I have been assigned 1644736842 points.
My id is: 511. I have been assigned 1644736842 points.
My id is: 169. I have been assigned 1644736842 points.
My id is: 563. I have been assigned 1644736842 points.
My id is: 170. I have been assigned 1644736842 points.
My id is: 49. I have been assigned 1644736843 points.
My id is: 175. I have been assigned 1644736842 points.
My id is: 180. I have been assigned 1644736842 points.
My id is: 182. I have been assigned 1644736842 points.
My id is: 184. I have been assigned 1644736842 points.
My id is: 186. I have been assigned 1644736842 points.
My id is: 188. I have been assigned 1644736842 points.
608 NODES
POINTS: 1000000000000
ESTIMATED PI: 3.14159180
DELTA: 0.00000085
TIME: 160.412153s
